d:\coding\sakura\sakuracore\release\vc142.pdb
d:\coding\sakura\sakuracore\release\sakuracore.obj
d:\coding\sakura\sakuracore\release\sscenemanager.obj
d:\coding\sakura\sakuracore\release\score.obj
d:\coding\sakura\sakuracore\release\sakurascene.obj
d:\coding\sakura\sakuracore\release\sakurad3d12graphicsmanager.obj
d:\coding\sakura\sakuracore\release\sdxrenderergm.obj
d:\coding\sakura\sakuracore\release\sdxresourcemanager.obj
d:\coding\sakura\sakuracore\release\dllmain.obj
d:\coding\sakura\sakuracore\release\meshimporter.obj
d:\coding\sakura\sakuracore\release\dx12samplers.obj
d:\coding\sakura\sakuracore\release\frameresource.obj
d:\coding\sakura\sakuracore\release\ddstextureloader.obj
d:\coding\sakura\sakuracore\release\d3dutil.obj
d:\coding\sakura\sakuracore\release\sdx12pass.obj
d:\coding\sakura\sakuracore\release\sd3dcamera.obj
d:\coding\sakura\sakuracore\release\sstaticmesh.obj
d:\coding\sakura\sakuracore\release\mathhelper.obj
d:\coding\sakura\sakuracore\release\geometrygenerator.obj
d:\coding\sakura\sakuracore\release\gametimer.obj
d:\coding\sakura\release\sakuracore.dll
d:\coding\sakura\release\sakuracore.pdb
d:\coding\sakura\release\sakuracore.lib
d:\coding\sakura\release\sakuracore.exp
d:\coding\sakura\release\sakuracore.ipdb
d:\coding\sakura\release\sakuracore.iobj
d:\coding\sakura\sakuracore\release\sakuracore.tlog\cl.command.1.tlog
d:\coding\sakura\sakuracore\release\sakuracore.tlog\cl.read.1.tlog
d:\coding\sakura\sakuracore\release\sakuracore.tlog\cl.write.1.tlog
d:\coding\sakura\sakuracore\release\sakuracore.tlog\link.command.1.tlog
d:\coding\sakura\sakuracore\release\sakuracore.tlog\link.delete.1.tlog
d:\coding\sakura\sakuracore\release\sakuracore.tlog\link.read.1.tlog
d:\coding\sakura\sakuracore\release\sakuracore.tlog\link.write.1.tlog
d:\coding\sakura\sakuracore\release\sakuracore.tlog\sakuracore.write.1u.tlog
